<?xml version="1.0" encoding="UTF-8"?>
<!-- Generated by org.testng.reporters.JUnitXMLReporter -->
<testsuite hostname="Mustafas-Air.attlocal.net" ignored="0" name="hub spot Sanity Test" tests="3" failures="0" timestamp="2020-01-02T13:17:12 CST" time="55.836" errors="0">
  <testcase name="testEnvironmentTest" time="4.002" classname="tests.TestEnvironment"/>
  <testcase name="testEnvironmentTest" time="4.322" classname="tests.TestEnvironment"/>
  <testcase name="testEnvironmentTest" time="2.637" classname="tests.TestEnvironment"/>
</testsuite> <!-- hub spot Sanity Test -->
